This file contains any messages produced by compilers while
running configure, to aid debugging if configure makes a mistake.

It was created by iRRAM configure 2014_01, which was
generated by GNU Autoconf 2.69.  Invocation command line was

  $ ./configure --

## --------- ##
## Platform. ##
## --------- ##

hostname = byrons-ubuntu
uname -m = x86_64
uname -r = 4.15.0-72-generic
uname -s = Linux
uname -v = #81-Ubuntu SMP Tue Nov 26 12:20:02 UTC 2019

/usr/bin/uname -p = unknown
/bin/uname -X     = unknown

/bin/arch              = unknown
/usr/bin/arch -k       = unknown
/usr/convex/getsysinfo = unknown
/usr/bin/hostinfo      = unknown
/bin/machine           = unknown
/usr/bin/oslevel       = unknown
/bin/universe          = unknown

PATH: /usr/local/sbin
PATH: /usr/local/bin
PATH: /usr/sbin
PATH: /usr/bin
PATH: /sbin
PATH: /bin
PATH: /snap/bin


## ----------- ##
## Core tests. ##
## ----------- ##

configure:2473: checking whether make supports nested variables
configure:2490: result: yes
configure:2546: checking for a BSD-compatible install
configure:2614: result: /usr/bin/install -c
configure:2625: checking whether build environment is sane
configure:2680: result: yes
configure:2831: checking for a thread-safe mkdir -p
configure:2870: result: /bin/mkdir -p
configure:2877: checking for gawk
configure:2907: result: no
configure:2877: checking for mawk
configure:2893: found /usr/bin/mawk
configure:2904: result: mawk
configure:2915: checking whether make sets $(MAKE)
configure:2937: result: yes
configure:3103: checking build system type
configure:3117: result: x86_64-pc-linux-gnu
configure:3137: checking host system type
configure:3150: result: x86_64-pc-linux-gnu
configure:3191: checking how to print strings
configure:3218: result: printf
configure:3251: checking for style of include used by make
configure:3279: result: GNU
configure:3350: checking for gcc
configure:3366: found /usr/bin/gcc
configure:3377: result: gcc
configure:3606: checking for C compiler version
configure:3615: gcc --version >&5
gcc (Ubuntu 7.4.0-1ubuntu1~18.04.1) 7.4.0
Copyright (C) 2017 Free Software Foundation, Inc.
This is free software; see the source for copying conditions.  There is NO
warranty; not even for MERCHANTABILITY or FITNESS FOR A PARTICULAR PURPOSE.

configure:3626: $? = 0
configure:3615: gcc -v >&5
Using built-in specs.
COLLECT_GCC=gcc
COLLECT_LTO_WRAPPER=/usr/lib/gcc/x86_64-linux-gnu/7/lto-wrapper
OFFLOAD_TARGET_NAMES=nvptx-none
OFFLOAD_TARGET_DEFAULT=1
Target: x86_64-linux-gnu
Configured with: ../src/configure -v --with-pkgversion='Ubuntu 7.4.0-1ubuntu1~18.04.1' --with-bugurl=file:///usr/share/doc/gcc-7/README.Bugs --enable-languages=c,ada,c++,go,brig,d,fortran,objc,obj-c++ --prefix=/usr --with-gcc-major-version-only --program-suffix=-7 --program-prefix=x86_64-linux-gnu- --enable-shared --enable-linker-build-id --libexecdir=/usr/lib --without-included-gettext --enable-threads=posix --libdir=/usr/lib --enable-nls --with-sysroot=/ --enable-clocale=gnu --enable-libstdcxx-debug --enable-libstdcxx-time=yes --with-default-libstdcxx-abi=new --enable-gnu-unique-object --disable-vtable-verify --enable-libmpx --enable-plugin --enable-default-pie --with-system-zlib --with-target-system-zlib --enable-objc-gc=auto --enable-multiarch --disable-werror --with-arch-32=i686 --with-abi=m64 --with-multilib-list=m32,m64,mx32 --enable-multilib --with-tune=generic --enable-offload-targets=nvptx-none --without-cuda-driver --enable-checking=release --build=x86_64-linux-gnu --host=x86_64-linux-gnu --target=x86_64-linux-gnu
Thread model: posix
gcc version 7.4.0 (Ubuntu 7.4.0-1ubuntu1~18.04.1) 
configure:3626: $? = 0
configure:3615: gcc -V >&5
gcc: error: unrecognized command line option '-V'
gcc: fatal error: no input files
compilation terminated.
configure:3626: $? = 1
configure:3615: gcc -qversion >&5
gcc: error: unrecognized command line option '-qversion'; did you mean '--version'?
gcc: fatal error: no input files
compilation terminated.
configure:3626: $? = 1
configure:3646: checking whether the C compiler works
configure:3668: gcc    conftest.c  >&5
configure:3672: $? = 0
configure:3720: result: yes
configure:3723: checking for C compiler default output file name
configure:3725: result: a.out
configure:3731: checking for suffix of executables
configure:3738: gcc -o conftest    conftest.c  >&5
configure:3742: $? = 0
configure:3764: result: 
configure:3786: checking whether we are cross compiling
configure:3794: gcc -o conftest    conftest.c  >&5
configure:3798: $? = 0
configure:3805: ./conftest
configure:3809: $? = 0
configure:3824: result: no
configure:3829: checking for suffix of object files
configure:3851: gcc -c   conftest.c >&5
configure:3855: $? = 0
configure:3876: result: o
configure:3880: checking whether we are using the GNU C compiler
configure:3899: gcc -c   conftest.c >&5
configure:3899: $? = 0
configure:3908: result: yes
configure:3917: checking whether gcc accepts -g
configure:3937: gcc -c -g  conftest.c >&5
configure:3937: $? = 0
configure:3978: result: yes
configure:3995: checking for gcc option to accept ISO C89
configure:4058: gcc  -c -g -O2  conftest.c >&5
configure:4058: $? = 0
configure:4071: result: none needed
configure:4096: checking whether gcc understands -c and -o together
configure:4118: gcc -c conftest.c -o conftest2.o
configure:4121: $? = 0
configure:4118: gcc -c conftest.c -o conftest2.o
configure:4121: $? = 0
configure:4133: result: yes
configure:4152: checking dependency style of gcc
configure:4263: result: gcc3
configure:4278: checking for a sed that does not truncate output
configure:4342: result: /bin/sed
configure:4360: checking for grep that handles long lines and -e
configure:4418: result: /bin/grep
configure:4423: checking for egrep
configure:4485: result: /bin/grep -E
configure:4490: checking for fgrep
configure:4552: result: /bin/grep -F
configure:4587: checking for ld used by gcc
configure:4654: result: /usr/bin/ld
configure:4661: checking if the linker (/usr/bin/ld) is GNU ld
configure:4676: result: yes
configure:4688: checking for BSD- or MS-compatible name lister (nm)
configure:4742: result: /usr/bin/nm -B
configure:4872: checking the name lister (/usr/bin/nm -B) interface
configure:4879: gcc -c -g -O2  conftest.c >&5
configure:4882: /usr/bin/nm -B "conftest.o"
configure:4885: output
0000000000000000 B some_variable
configure:4892: result: BSD nm
configure:4895: checking whether ln -s works
configure:4899: result: yes
configure:4907: checking the maximum length of command line arguments
configure:5038: result: 1572864
configure:5086: checking how to convert x86_64-pc-linux-gnu file names to x86_64-pc-linux-gnu format
configure:5126: result: func_convert_file_noop
configure:5133: checking how to convert x86_64-pc-linux-gnu file names to toolchain format
configure:5153: result: func_convert_file_noop
configure:5160: checking for /usr/bin/ld option to reload object files
configure:5167: result: -r
configure:5241: checking for objdump
configure:5257: found /usr/bin/objdump
configure:5268: result: objdump
configure:5300: checking how to recognize dependent libraries
configure:5500: result: pass_all
configure:5585: checking for dlltool
configure:5615: result: no
configure:5645: checking how to associate runtime and link libraries
configure:5672: result: printf %s\n
configure:5733: checking for ar
configure:5749: found /usr/bin/ar
configure:5760: result: ar
configure:5797: checking for archiver @FILE support
configure:5814: gcc -c -g -O2  conftest.c >&5
configure:5814: $? = 0
configure:5817: ar cru libconftest.a @conftest.lst >&5
ar: `u' modifier ignored since `D' is the default (see `U')
configure:5820: $? = 0
configure:5825: ar cru libconftest.a @conftest.lst >&5
ar: `u' modifier ignored since `D' is the default (see `U')
ar: conftest.o: No such file or directory
configure:5828: $? = 1
configure:5840: result: @
configure:5898: checking for strip
configure:5914: found /usr/bin/strip
configure:5925: result: strip
configure:5997: checking for ranlib
configure:6013: found /usr/bin/ranlib
configure:6024: result: ranlib
configure:6126: checking command to parse /usr/bin/nm -B output from gcc object
configure:6279: gcc -c -g -O2  conftest.c >&5
configure:6282: $? = 0
configure:6286: /usr/bin/nm -B conftest.o \| sed -n -e 's/^.*[ ]\([ABCDGIRSTW][ABCDGIRSTW]*\)[ ][ ]*\([_A-Za-z][_A-Za-z0-9]*\)$/\1 \2 \2/p' | sed '/ __gnu_lto/d' \> conftest.nm
configure:6289: $? = 0
configure:6355: gcc -o conftest -g -O2   conftest.c conftstm.o >&5
configure:6358: $? = 0
configure:6396: result: ok
configure:6443: checking for sysroot
configure:6473: result: no
configure:6480: checking for a working dd
configure:6518: result: /bin/dd
configure:6522: checking how to truncate binary pipes
configure:6537: result: /bin/dd bs=4096 count=1
configure:6673: gcc -c -g -O2  conftest.c >&5
configure:6676: $? = 0
configure:6866: checking for mt
configure:6882: found /bin/mt
configure:6893: result: mt
configure:6916: checking if mt is a manifest tool
configure:6922: mt '-?'
configure:6930: result: no
configure:7607: checking how to run the C preprocessor
configure:7638: gcc -E  conftest.c
configure:7638: $? = 0
configure:7652: gcc -E  conftest.c
conftest.c:11:10: fatal error: ac_nonexistent.h: No such file or directory
 #include <ac_nonexistent.h>
          ^~~~~~~~~~~~~~~~~~
compilation terminated.
configure:7652: $? = 1
configure: failed program was:
| /* confdefs.h */
| #define PACKAGE_NAME "iRRAM"
| #define PACKAGE_TARNAME "iRRAM"
| #define PACKAGE_VERSION "2014_01"
| #define PACKAGE_STRING "iRRAM 2014_01"
| #define PACKAGE_BUGREPORT ""
| #define PACKAGE_URL "iRRAM.uni-trier.de"
| #define PACKAGE "iRRAM"
| #define VERSION "2014_01"
| /* end confdefs.h.  */
| #include <ac_nonexistent.h>
configure:7677: result: gcc -E
configure:7697: gcc -E  conftest.c
configure:7697: $? = 0
configure:7711: gcc -E  conftest.c
conftest.c:11:10: fatal error: ac_nonexistent.h: No such file or directory
 #include <ac_nonexistent.h>
          ^~~~~~~~~~~~~~~~~~
compilation terminated.
configure:7711: $? = 1
configure: failed program was:
| /* confdefs.h */
| #define PACKAGE_NAME "iRRAM"
| #define PACKAGE_TARNAME "iRRAM"
| #define PACKAGE_VERSION "2014_01"
| #define PACKAGE_STRING "iRRAM 2014_01"
| #define PACKAGE_BUGREPORT ""
| #define PACKAGE_URL "iRRAM.uni-trier.de"
| #define PACKAGE "iRRAM"
| #define VERSION "2014_01"
| /* end confdefs.h.  */
| #include <ac_nonexistent.h>
configure:7740: checking for ANSI C header files
configure:7760: gcc -c -g -O2  conftest.c >&5
configure:7760: $? = 0
configure:7833: gcc -o conftest -g -O2   conftest.c  >&5
configure:7833: $? = 0
configure:7833: ./conftest
configure:7833: $? = 0
configure:7844: result: yes
configure:7857: checking for sys/types.h
configure:7857: gcc -c -g -O2  conftest.c >&5
configure:7857: $? = 0
configure:7857: result: yes
configure:7857: checking for sys/stat.h
configure:7857: gcc -c -g -O2  conftest.c >&5
configure:7857: $? = 0
configure:7857: result: yes
configure:7857: checking for stdlib.h
configure:7857: gcc -c -g -O2  conftest.c >&5
configure:7857: $? = 0
configure:7857: result: yes
configure:7857: checking for string.h
configure:7857: gcc -c -g -O2  conftest.c >&5
configure:7857: $? = 0
configure:7857: result: yes
configure:7857: checking for memory.h
configure:7857: gcc -c -g -O2  conftest.c >&5
configure:7857: $? = 0
configure:7857: result: yes
configure:7857: checking for strings.h
configure:7857: gcc -c -g -O2  conftest.c >&5
configure:7857: $? = 0
configure:7857: result: yes
configure:7857: checking for inttypes.h
configure:7857: gcc -c -g -O2  conftest.c >&5
configure:7857: $? = 0
configure:7857: result: yes
configure:7857: checking for stdint.h
configure:7857: gcc -c -g -O2  conftest.c >&5
configure:7857: $? = 0
configure:7857: result: yes
configure:7857: checking for unistd.h
configure:7857: gcc -c -g -O2  conftest.c >&5
configure:7857: $? = 0
configure:7857: result: yes
configure:7871: checking for dlfcn.h
configure:7871: gcc -c -g -O2  conftest.c >&5
configure:7871: $? = 0
configure:7871: result: yes
configure:8127: checking for objdir
configure:8142: result: .libs
configure:8406: checking if gcc supports -fno-rtti -fno-exceptions
configure:8424: gcc -c -g -O2  -fno-rtti -fno-exceptions conftest.c >&5
cc1: warning: command line option '-fno-rtti' is valid for C++/ObjC++ but not for C
configure:8428: $? = 0
configure:8441: result: no
configure:8799: checking for gcc option to produce PIC
configure:8806: result: -fPIC -DPIC
configure:8814: checking if gcc PIC flag -fPIC -DPIC works
configure:8832: gcc -c -g -O2  -fPIC -DPIC -DPIC conftest.c >&5
configure:8836: $? = 0
configure:8849: result: yes
configure:8878: checking if gcc static flag -static works
configure:8906: result: yes
configure:8921: checking if gcc supports -c -o file.o
configure:8942: gcc -c -g -O2  -o out/conftest2.o conftest.c >&5
configure:8946: $? = 0
configure:8968: result: yes
configure:8976: checking if gcc supports -c -o file.o
configure:9023: result: yes
configure:9056: checking whether the gcc linker (/usr/bin/ld -m elf_x86_64) supports shared libraries
configure:10319: result: yes
configure:10356: checking whether -lc should be explicitly linked in
configure:10364: gcc -c -g -O2  conftest.c >&5
configure:10367: $? = 0
configure:10382: gcc -shared  -fPIC -DPIC conftest.o  -v -Wl,-soname -Wl,conftest -o conftest 2\>\&1 \| /bin/grep  -lc  \>/dev/null 2\>\&1
configure:10385: $? = 0
configure:10399: result: no
configure:10559: checking dynamic linker characteristics
configure:11140: gcc -o conftest -g -O2   -Wl,-rpath -Wl,/foo conftest.c  >&5
configure:11140: $? = 0
configure:11389: result: GNU/Linux ld.so
configure:11511: checking how to hardcode library paths into programs
configure:11536: result: immediate
configure:12084: checking whether stripping libraries is possible
configure:12089: result: yes
configure:12124: checking if libtool supports shared libraries
configure:12126: result: yes
configure:12129: checking whether to build shared libraries
configure:12154: result: yes
configure:12157: checking whether to build static libraries
configure:12161: result: yes
configure:12202: checking whether make sets $(MAKE)
configure:12224: result: yes
configure:12291: checking for g++
configure:12307: found /usr/bin/g++
configure:12318: result: g++
configure:12345: checking for C++ compiler version
configure:12354: g++ --version >&5
g++ (Ubuntu 7.4.0-1ubuntu1~18.04.1) 7.4.0
Copyright (C) 2017 Free Software Foundation, Inc.
This is free software; see the source for copying conditions.  There is NO
warranty; not even for MERCHANTABILITY or FITNESS FOR A PARTICULAR PURPOSE.

configure:12365: $? = 0
configure:12354: g++ -v >&5
Using built-in specs.
COLLECT_GCC=g++
COLLECT_LTO_WRAPPER=/usr/lib/gcc/x86_64-linux-gnu/7/lto-wrapper
OFFLOAD_TARGET_NAMES=nvptx-none
OFFLOAD_TARGET_DEFAULT=1
Target: x86_64-linux-gnu
Configured with: ../src/configure -v --with-pkgversion='Ubuntu 7.4.0-1ubuntu1~18.04.1' --with-bugurl=file:///usr/share/doc/gcc-7/README.Bugs --enable-languages=c,ada,c++,go,brig,d,fortran,objc,obj-c++ --prefix=/usr --with-gcc-major-version-only --program-suffix=-7 --program-prefix=x86_64-linux-gnu- --enable-shared --enable-linker-build-id --libexecdir=/usr/lib --without-included-gettext --enable-threads=posix --libdir=/usr/lib --enable-nls --with-sysroot=/ --enable-clocale=gnu --enable-libstdcxx-debug --enable-libstdcxx-time=yes --with-default-libstdcxx-abi=new --enable-gnu-unique-object --disable-vtable-verify --enable-libmpx --enable-plugin --enable-default-pie --with-system-zlib --with-target-system-zlib --enable-objc-gc=auto --enable-multiarch --disable-werror --with-arch-32=i686 --with-abi=m64 --with-multilib-list=m32,m64,mx32 --enable-multilib --with-tune=generic --enable-offload-targets=nvptx-none --without-cuda-driver --enable-checking=release --build=x86_64-linux-gnu --host=x86_64-linux-gnu --target=x86_64-linux-gnu
Thread model: posix
gcc version 7.4.0 (Ubuntu 7.4.0-1ubuntu1~18.04.1) 
configure:12365: $? = 0
configure:12354: g++ -V >&5
g++: error: unrecognized command line option '-V'
g++: fatal error: no input files
compilation terminated.
configure:12365: $? = 1
configure:12354: g++ -qversion >&5
g++: error: unrecognized command line option '-qversion'; did you mean '--version'?
g++: fatal error: no input files
compilation terminated.
configure:12365: $? = 1
configure:12369: checking whether we are using the GNU C++ compiler
configure:12388: g++ -c   conftest.cpp >&5
configure:12388: $? = 0
configure:12397: result: yes
configure:12406: checking whether g++ accepts -g
configure:12426: g++ -c -g  conftest.cpp >&5
configure:12426: $? = 0
configure:12467: result: yes
configure:12492: checking dependency style of g++
configure:12603: result: gcc3
configure:12636: checking how to run the C++ preprocessor
configure:12663: g++ -E  conftest.cpp
configure:12663: $? = 0
configure:12677: g++ -E  conftest.cpp
conftest.cpp:23:10: fatal error: ac_nonexistent.h: No such file or directory
 #include <ac_nonexistent.h>
          ^~~~~~~~~~~~~~~~~~
compilation terminated.
configure:12677: $? = 1
configure: failed program was:
| /* confdefs.h */
| #define PACKAGE_NAME "iRRAM"
| #define PACKAGE_TARNAME "iRRAM"
| #define PACKAGE_VERSION "2014_01"
| #define PACKAGE_STRING "iRRAM 2014_01"
| #define PACKAGE_BUGREPORT ""
| #define PACKAGE_URL "iRRAM.uni-trier.de"
| #define PACKAGE "iRRAM"
| #define VERSION "2014_01"
| #define STDC_HEADERS 1
| #define HAVE_SYS_TYPES_H 1
| #define HAVE_SYS_STAT_H 1
| #define HAVE_STDLIB_H 1
| #define HAVE_STRING_H 1
| #define HAVE_MEMORY_H 1
| #define HAVE_STRINGS_H 1
| #define HAVE_INTTYPES_H 1
| #define HAVE_STDINT_H 1
| #define HAVE_UNISTD_H 1
| #define HAVE_DLFCN_H 1
| #define LT_OBJDIR ".libs/"
| /* end confdefs.h.  */
| #include <ac_nonexistent.h>
configure:12702: result: g++ -E
configure:12722: g++ -E  conftest.cpp
configure:12722: $? = 0
configure:12736: g++ -E  conftest.cpp
conftest.cpp:23:10: fatal error: ac_nonexistent.h: No such file or directory
 #include <ac_nonexistent.h>
          ^~~~~~~~~~~~~~~~~~
compilation terminated.
configure:12736: $? = 1
configure: failed program was:
| /* confdefs.h */
| #define PACKAGE_NAME "iRRAM"
| #define PACKAGE_TARNAME "iRRAM"
| #define PACKAGE_VERSION "2014_01"
| #define PACKAGE_STRING "iRRAM 2014_01"
| #define PACKAGE_BUGREPORT ""
| #define PACKAGE_URL "iRRAM.uni-trier.de"
| #define PACKAGE "iRRAM"
| #define VERSION "2014_01"
| #define STDC_HEADERS 1
| #define HAVE_SYS_TYPES_H 1
| #define HAVE_SYS_STAT_H 1
| #define HAVE_STDLIB_H 1
| #define HAVE_STRING_H 1
| #define HAVE_MEMORY_H 1
| #define HAVE_STRINGS_H 1
| #define HAVE_INTTYPES_H 1
| #define HAVE_STDINT_H 1
| #define HAVE_UNISTD_H 1
| #define HAVE_DLFCN_H 1
| #define LT_OBJDIR ".libs/"
| /* end confdefs.h.  */
| #include <ac_nonexistent.h>
configure:12898: checking for ld used by g++
configure:12965: result: /usr/bin/ld -m elf_x86_64
configure:12972: checking if the linker (/usr/bin/ld -m elf_x86_64) is GNU ld
configure:12987: result: yes
configure:13042: checking whether the g++ linker (/usr/bin/ld -m elf_x86_64) supports shared libraries
configure:14115: result: yes
configure:14151: g++ -c -g -O2  conftest.cpp >&5
configure:14154: $? = 0
configure:14635: checking for g++ option to produce PIC
configure:14642: result: -fPIC -DPIC
configure:14650: checking if g++ PIC flag -fPIC -DPIC works
configure:14668: g++ -c -g -O2  -fPIC -DPIC -DPIC conftest.cpp >&5
configure:14672: $? = 0
configure:14685: result: yes
configure:14708: checking if g++ static flag -static works
configure:14736: result: yes
configure:14748: checking if g++ supports -c -o file.o
configure:14769: g++ -c -g -O2  -o out/conftest2.o conftest.cpp >&5
configure:14773: $? = 0
configure:14795: result: yes
configure:14800: checking if g++ supports -c -o file.o
configure:14847: result: yes
configure:14877: checking whether the g++ linker (/usr/bin/ld -m elf_x86_64) supports shared libraries
configure:14920: result: yes
configure:15061: checking dynamic linker characteristics
configure:15818: result: GNU/Linux ld.so
configure:15883: checking how to hardcode library paths into programs
configure:15908: result: immediate
configure:15953: checking for gcc option to accept ISO C99
configure:16102: gcc  -c   conftest.c >&5
configure:16102: $? = 0
configure:16115: result: none needed
configure:16137: checking whether g++ supports C++11 features by default
configure:16171: g++ -c   conftest.cpp >&5
configure:16171: $? = 0
configure:16178: result: yes
configure:16390: checking for sin in -lm
configure:16415: g++ -o conftest   -Wall -pedantic -g -O2         conftest.cpp -lm   >&5
conftest.cpp:30:6: warning: declaration of 'char sin()' conflicts with built-in declaration 'double sin(double)' [-Wbuiltin-declaration-mismatch]
 char sin ();
      ^~~
configure:16415: $? = 0
configure:16424: result: yes
configure:16434: checking pthread.h usability
configure:16434: g++ -c   -Wall -pedantic -g -O2     conftest.cpp >&5
configure:16434: $? = 0
configure:16434: result: yes
configure:16434: checking pthread.h presence
configure:16434: g++ -E     conftest.cpp
configure:16434: $? = 0
configure:16434: result: yes
configure:16434: checking for pthread.h
configure:16434: result: yes
configure:16444: checking for pthread_create in -lpthread
configure:16469: g++ -o conftest   -Wall -pedantic -g -O2         conftest.cpp -lpthread   >&5
configure:16469: $? = 0
configure:16478: result: yes
configure:16490: checking gmp.h usability
configure:16490: g++ -c   -Wall -pedantic -g -O2     conftest.cpp >&5
configure:16490: $? = 0
configure:16490: result: yes
configure:16490: checking gmp.h presence
configure:16490: g++ -E     conftest.cpp
configure:16490: $? = 0
configure:16490: result: yes
configure:16490: checking for gmp.h
configure:16490: result: yes
configure:16502: checking GMP header version
configure:16532: g++ -E     conftest.cpp
configure:16532: $? = 0
configure:16533: result:  >= 4.1.0, OK
configure:16552: checking whether C-linking against GMP works
configure:16563: gcc -o conftest   -Wall -Wno-implicit -Wmissing-prototypes -pedantic -g -O2         conftest.c -lgmp  -lm -lpthread >&5
configure:16563: $? = 0
configure:16564: result: yes
configure:16585: checking whether C++-linking against GMP works
configure:16596: g++ -o conftest   -Wall -pedantic -g -O2         conftest.cpp -lgmp  -lm -lpthread >&5
configure:16596: $? = 0
configure:16597: result: yes
configure:16619: No backend given, defaulting to MPFR backend
configure:16633: checking mpfr.h usability
configure:16633: g++ -c   -Wall -pedantic -g -O2     conftest.cpp >&5
configure:16633: $? = 0
configure:16633: result: yes
configure:16633: checking mpfr.h presence
configure:16633: g++ -E     conftest.cpp
configure:16633: $? = 0
configure:16633: result: yes
configure:16633: checking for mpfr.h
configure:16633: result: yes
configure:16641: checking for mpfr_get_version in -lmpfr
configure:16666: g++ -o conftest   -Wall -pedantic -g -O2         conftest.cpp -lmpfr   -lgmp -lm -lpthread >&5
configure:16666: $? = 0
configure:16675: result: yes
configure:16684: result: MPFR backend: found
configure:16906: checking that generated files are newer than configure
configure:16912: result: done
configure:16943: creating ./config.status

## ---------------------- ##
## Running config.status. ##
## ---------------------- ##

This file was extended by iRRAM config.status 2014_01, which was
generated by GNU Autoconf 2.69.  Invocation command line was

  CONFIG_FILES    = 
  CONFIG_HEADERS  = 
  CONFIG_LINKS    = 
  CONFIG_COMMANDS = 
  $ ./config.status 

on byrons-ubuntu

config.status:1104: creating build/Makefile
config.status:1104: creating iRRAM_VERSION
config.status:1104: creating include/iRRAM/version.h
config.status:1104: creating Makefile
config.status:1104: creating include/Makefile
config.status:1104: creating tests/Makefile
config.status:1104: creating examples/Makefile-pre
config.status:1104: creating doc/Makefile
config.status:1288: linking ./src/REALS.cc to build/REALS.cc
config.status:1288: linking ./src/REALmain.cc to build/REALmain.cc
config.status:1288: linking ./src/REALLIB.cc to build/REALLIB.cc
config.status:1288: linking ./src/limits.cc to build/limits.cc
config.status:1288: linking ./src/errno.cc to build/errno.cc
config.status:1288: linking ./src/convert.cc to build/convert.cc
config.status:1288: linking ./src/stack.cc to build/stack.cc
config.status:1288: linking ./src/STREAMS.cc to build/STREAMS.cc
config.status:1288: linking ./src/DYADIC.cc to build/DYADIC.cc
config.status:1288: linking ./src/COMPLEX.cc to build/COMPLEX.cc
config.status:1288: linking ./src/RATIONAL.cc to build/RATIONAL.cc
config.status:1288: linking ./src/LAZY_BOOLEAN.cc to build/LAZY_BOOLEAN.cc
config.status:1288: linking ./src/sqrt.cc to build/sqrt.cc
config.status:1288: linking ./src/exp_log.cc to build/exp_log.cc
config.status:1288: linking ./src/sin_cos.cc to build/sin_cos.cc
config.status:1288: linking ./src/pi_ln2.cc to build/pi_ln2.cc
config.status:1288: linking ./src/REALMATRIX.cc to build/REALMATRIX.cc
config.status:1288: linking ./src/SPARSEREALMATRIX.cc to build/SPARSEREALMATRIX.cc
config.status:1288: linking ./src/INTERVAL.cc to build/INTERVAL.cc
config.status:1288: linking ./src/GMP_int_ext.c to build/GMP_int_ext.c
config.status:1288: linking ./src/GMP_rat_ext.c to build/GMP_rat_ext.c
config.status:1288: linking ./src/MPFR/MPFR_ext.c to build/MPFR_ext.c
config.status:1288: linking ./src/MPFR/mpfr_extension.cc to build/mpfr_extension.cc
config.status:1288: linking ./src/MPFR/MPFR_ext.h to build/MPFR_ext.h
config.status:1307: executing depfiles commands
config.status:1307: executing libtool commands
configure:19220:

CC      : gcc
CXX     : g++
CPPFLAGS:    
CFLAGS  :   -Wall -Wno-implicit -Wmissing-prototypes -pedantic -g -O2
CXXFLAGS:   -Wall -pedantic -g -O2
LDFLAGS :    
shared  : yes
static  : yes


## ---------------- ##
## Cache variables. ##
## ---------------- ##

ac_cv_build=x86_64-pc-linux-gnu
ac_cv_c_compiler_gnu=yes
ac_cv_cxx_compiler_gnu=yes
ac_cv_env_CCC_set=
ac_cv_env_CCC_value=
ac_cv_env_CC_set=
ac_cv_env_CC_value=
ac_cv_env_CFLAGS_set=
ac_cv_env_CFLAGS_value=
ac_cv_env_CPPFLAGS_set=
ac_cv_env_CPPFLAGS_value=
ac_cv_env_CPP_set=
ac_cv_env_CPP_value=
ac_cv_env_CXXCPP_set=
ac_cv_env_CXXCPP_value=
ac_cv_env_CXXFLAGS_set=
ac_cv_env_CXXFLAGS_value=
ac_cv_env_CXX_set=
ac_cv_env_CXX_value=
ac_cv_env_LDFLAGS_set=
ac_cv_env_LDFLAGS_value=
ac_cv_env_LIBS_set=
ac_cv_env_LIBS_value=
ac_cv_env_LT_SYS_LIBRARY_PATH_set=
ac_cv_env_LT_SYS_LIBRARY_PATH_value=
ac_cv_env_build_alias_set=
ac_cv_env_build_alias_value=
ac_cv_env_host_alias_set=
ac_cv_env_host_alias_value=
ac_cv_env_target_alias_set=
ac_cv_env_target_alias_value=
ac_cv_header_dlfcn_h=yes
ac_cv_header_gmp_h=yes
ac_cv_header_inttypes_h=yes
ac_cv_header_memory_h=yes
ac_cv_header_mpfr_h=yes
ac_cv_header_pthread_h=yes
ac_cv_header_stdc=yes
ac_cv_header_stdint_h=yes
ac_cv_header_stdlib_h=yes
ac_cv_header_string_h=yes
ac_cv_header_strings_h=yes
ac_cv_header_sys_stat_h=yes
ac_cv_header_sys_types_h=yes
ac_cv_header_unistd_h=yes
ac_cv_host=x86_64-pc-linux-gnu
ac_cv_lib_m_sin=yes
ac_cv_lib_mpfr_mpfr_get_version=yes
ac_cv_lib_pthread_pthread_create=yes
ac_cv_objext=o
ac_cv_path_EGREP='/bin/grep -E'
ac_cv_path_FGREP='/bin/grep -F'
ac_cv_path_GREP=/bin/grep
ac_cv_path_SED=/bin/sed
ac_cv_path_install='/usr/bin/install -c'
ac_cv_path_lt_DD=/bin/dd
ac_cv_path_mkdir=/bin/mkdir
ac_cv_prog_AWK=mawk
ac_cv_prog_CPP='gcc -E'
ac_cv_prog_CXXCPP='g++ -E'
ac_cv_prog_ac_ct_AR=ar
ac_cv_prog_ac_ct_CC=gcc
ac_cv_prog_ac_ct_CXX=g++
ac_cv_prog_ac_ct_MANIFEST_TOOL=mt
ac_cv_prog_ac_ct_OBJDUMP=objdump
ac_cv_prog_ac_ct_RANLIB=ranlib
ac_cv_prog_ac_ct_STRIP=strip
ac_cv_prog_cc_c89=
ac_cv_prog_cc_c99=
ac_cv_prog_cc_g=yes
ac_cv_prog_cxx_g=yes
ac_cv_prog_make_make_set=yes
am_cv_CC_dependencies_compiler_type=gcc3
am_cv_CXX_dependencies_compiler_type=gcc3
am_cv_make_support_nested_variables=yes
am_cv_prog_cc_c_o=yes
ax_cv_cxx_compile_cxx11=yes
lt_cv_ar_at_file=@
lt_cv_archive_cmds_need_lc=no
lt_cv_deplibs_check_method=pass_all
lt_cv_file_magic_cmd='$MAGIC_CMD'
lt_cv_file_magic_test_file=
lt_cv_ld_reload_flag=-r
lt_cv_nm_interface='BSD nm'
lt_cv_objdir=.libs
lt_cv_path_LD=/usr/bin/ld
lt_cv_path_LDCXX='/usr/bin/ld -m elf_x86_64'
lt_cv_path_NM='/usr/bin/nm -B'
lt_cv_path_mainfest_tool=no
lt_cv_prog_compiler_c_o=yes
lt_cv_prog_compiler_c_o_CXX=yes
lt_cv_prog_compiler_pic='-fPIC -DPIC'
lt_cv_prog_compiler_pic_CXX='-fPIC -DPIC'
lt_cv_prog_compiler_pic_works=yes
lt_cv_prog_compiler_pic_works_CXX=yes
lt_cv_prog_compiler_rtti_exceptions=no
lt_cv_prog_compiler_static_works=yes
lt_cv_prog_compiler_static_works_CXX=yes
lt_cv_prog_gnu_ld=yes
lt_cv_prog_gnu_ldcxx=yes
lt_cv_sharedlib_from_linklib_cmd='printf %s\n'
lt_cv_shlibpath_overrides_runpath=yes
lt_cv_sys_global_symbol_pipe='sed -n -e '\''s/^.*[	 ]\([ABCDGIRSTW][ABCDGIRSTW]*\)[	 ][	 ]*\([_A-Za-z][_A-Za-z0-9]*\)$/\1 \2 \2/p'\'' | sed '\''/ __gnu_lto/d'\'''
lt_cv_sys_global_symbol_to_c_name_address='sed -n -e '\''s/^: \(.*\) .*$/  {"\1", (void *) 0},/p'\'' -e '\''s/^[ABCDGIRSTW][ABCDGIRSTW]* .* \(.*\)$/  {"\1", (void *) \&\1},/p'\'''
lt_cv_sys_global_symbol_to_c_name_address_lib_prefix='sed -n -e '\''s/^: \(.*\) .*$/  {"\1", (void *) 0},/p'\'' -e '\''s/^[ABCDGIRSTW][ABCDGIRSTW]* .* \(lib.*\)$/  {"\1", (void *) \&\1},/p'\'' -e '\''s/^[ABCDGIRSTW][ABCDGIRSTW]* .* \(.*\)$/  {"lib\1", (void *) \&\1},/p'\'''
lt_cv_sys_global_symbol_to_cdecl='sed -n -e '\''s/^T .* \(.*\)$/extern int \1();/p'\'' -e '\''s/^[ABCDGIRSTW][ABCDGIRSTW]* .* \(.*\)$/extern char \1;/p'\'''
lt_cv_sys_global_symbol_to_import=
lt_cv_sys_max_cmd_len=1572864
lt_cv_to_host_file_cmd=func_convert_file_noop
lt_cv_to_tool_file_cmd=func_convert_file_noop
lt_cv_truncate_bin='/bin/dd bs=4096 count=1'

## ----------------- ##
## Output variables. ##
## ----------------- ##

ACLOCAL='${SHELL} /home/byron/Desktop/iRRAM_improved/missing aclocal-1.15'
AMDEPBACKSLASH='\'
AMDEP_FALSE='#'
AMDEP_TRUE=''
AMTAR='$${TAR-tar}'
AM_BACKSLASH='\'
AM_CFLAGS='  -Wall -Wno-implicit -Wmissing-prototypes -pedantic'
AM_CPPFLAGS='  '
AM_CXXFLAGS='  -Wall -pedantic'
AM_DEFAULT_V='$(AM_DEFAULT_VERBOSITY)'
AM_DEFAULT_VERBOSITY='0'
AM_LDFLAGS='  '
AM_V='$(V)'
AR='ar'
AUTOCONF='${SHELL} /home/byron/Desktop/iRRAM_improved/missing autoconf'
AUTOHEADER='${SHELL} /home/byron/Desktop/iRRAM_improved/missing autoheader'
AUTOMAKE='${SHELL} /home/byron/Desktop/iRRAM_improved/missing automake-1.15'
AWK='mawk'
CC='gcc'
CCDEPMODE='depmode=gcc3'
CFLAGS='-g -O2'
CPP='gcc -E'
CPPFLAGS=''
CPPFLAGS_INST='   '
CXX='g++'
CXXCPP='g++ -E'
CXXDEPMODE='depmode=gcc3'
CXXFLAGS='-g -O2'
CYGPATH_W='echo'
DEFS='-DPACKAGE_NAME=\"iRRAM\" -DPACKAGE_TARNAME=\"iRRAM\" -DPACKAGE_VERSION=\"2014_01\" -DPACKAGE_STRING=\"iRRAM\ 2014_01\" -DPACKAGE_BUGREPORT=\"\" -DPACKAGE_URL=\"iRRAM.uni-trier.de\" -DPACKAGE=\"iRRAM\" -DVERSION=\"2014_01\" -DSTDC_HEADERS=1 -DHAVE_SYS_TYPES_H=1 -DHAVE_SYS_STAT_H=1 -DHAVE_STDLIB_H=1 -DHAVE_STRING_H=1 -DHAVE_MEMORY_H=1 -DHAVE_STRINGS_H=1 -DHAVE_INTTYPES_H=1 -DHAVE_STDINT_H=1 -DHAVE_UNISTD_H=1 -DHAVE_DLFCN_H=1 -DLT_OBJDIR=\".libs/\" -DHAVE_PTHREAD_H=1'
DEPDIR='.deps'
DLLTOOL='false'
DSYMUTIL=''
DUMPBIN=''
ECHO_C=''
ECHO_N='-n'
ECHO_T=''
EGREP='/bin/grep -E'
EXEEXT=''
EXTRAEXAMPLES=' timings-MPFR-iRRAM test-MPFR-iRRAM'
FGREP='/bin/grep -F'
GREP='/bin/grep'
HAVE_CXX11=''
INSTALL_DATA='${INSTALL} -m 644'
INSTALL_PROGRAM='${INSTALL}'
INSTALL_SCRIPT='${INSTALL}'
INSTALL_STRIP_PROGRAM='$(install_sh) -c -s'
LD='/usr/bin/ld -m elf_x86_64'
LDADD=''
LDFLAGS=''
LIBOBJS=''
LIBS=' -lmpfr -lgmp -lm -lpthread'
LIBS_INST='-lmpfr -lgmp -lm -lpthread'
LIBTOOL='$(SHELL) $(top_builddir)/libtool'
LIBTOOL_DEPS='./ltmain.sh'
LIPO=''
LN_S='ln -s'
LTLIBOBJS=''
LT_SYS_LIBRARY_PATH=''
MAKEINFO='${SHELL} /home/byron/Desktop/iRRAM_improved/missing makeinfo'
MANIFEST_TOOL=':'
MKDIR_P='/bin/mkdir -p'
NM='/usr/bin/nm -B'
NMEDIT=''
OBJDUMP='objdump'
OBJEXT='o'
OTOOL64=''
OTOOL=''
PACKAGE='iRRAM'
PACKAGE_BUGREPORT=''
PACKAGE_NAME='iRRAM'
PACKAGE_STRING='iRRAM 2014_01'
PACKAGE_TARNAME='iRRAM'
PACKAGE_URL='iRRAM.uni-trier.de'
PACKAGE_VERSION='2014_01'
PATH_SEPARATOR=':'
RANLIB='ranlib'
RPATH=''
SED='/bin/sed'
SET_MAKE=''
SHELL='/bin/bash'
STRIP='strip'
VERSION='2014_01'
WITH_BACKEND_MPFR_FALSE='#'
WITH_BACKEND_MPFR_TRUE=''
ac_ct_AR='ar'
ac_ct_CC='gcc'
ac_ct_CXX='g++'
ac_ct_DUMPBIN=''
am__EXEEXT_FALSE=''
am__EXEEXT_TRUE='#'
am__fastdepCC_FALSE='#'
am__fastdepCC_TRUE=''
am__fastdepCXX_FALSE='#'
am__fastdepCXX_TRUE=''
am__include='include'
am__isrc=''
am__leading_dot='.'
am__nodep='_no'
am__quote=''
am__tar='$${TAR-tar} chof - "$$tardir"'
am__untar='$${TAR-tar} xf -'
bindir='${exec_prefix}/bin'
build='x86_64-pc-linux-gnu'
build_alias=''
build_cpu='x86_64'
build_os='linux-gnu'
build_vendor='pc'
datadir='${datarootdir}'
datarootdir='${prefix}/share'
docdir='${datarootdir}/doc/${PACKAGE_TARNAME}'
dvidir='${docdir}'
exec_prefix='${prefix}'
host='x86_64-pc-linux-gnu'
host_alias=''
host_cpu='x86_64'
host_os='linux-gnu'
host_vendor='pc'
htmldir='${docdir}'
iRRAM_BACKENDS='MPFR'
iRRAM_BACKEND_MPFR='1'
iRRAM_VERSION='2014_01'
iRRAM_shared_version='14:1:0'
iRRAM_src='REALS.cc REALmain.cc REALLIB.cc limits.cc errno.cc convert.cc stack.cc STREAMS.cc DYADIC.cc COMPLEX.cc RATIONAL.cc LAZY_BOOLEAN.cc sqrt.cc exp_log.cc sin_cos.cc pi_ln2.cc REALMATRIX.cc SPARSEREALMATRIX.cc INTERVAL.cc GMP_int_ext.c GMP_rat_ext.c'
includedir='${prefix}/include'
infodir='${datarootdir}/info'
install_sh='${SHELL} /home/byron/Desktop/iRRAM_improved/install-sh'
libdir='${exec_prefix}/lib'
libexecdir='${exec_prefix}/libexec'
localedir='${datarootdir}/locale'
localstatedir='${prefix}/var'
mandir='${datarootdir}/man'
mkdir_p='$(MKDIR_P)'
oldincludedir='/usr/include'
pdfdir='${docdir}'
prefix='/usr/local'
program_transform_name='s,x,x,'
psdir='${docdir}'
runstatedir='${localstatedir}/run'
sbindir='${exec_prefix}/sbin'
sharedstatedir='${prefix}/com'
sysconfdir='${prefix}/etc'
target_alias=''

## ----------- ##
## confdefs.h. ##
## ----------- ##

/* confdefs.h */
#define PACKAGE_NAME "iRRAM"
#define PACKAGE_TARNAME "iRRAM"
#define PACKAGE_VERSION "2014_01"
#define PACKAGE_STRING "iRRAM 2014_01"
#define PACKAGE_BUGREPORT ""
#define PACKAGE_URL "iRRAM.uni-trier.de"
#define PACKAGE "iRRAM"
#define VERSION "2014_01"
#define STDC_HEADERS 1
#define HAVE_SYS_TYPES_H 1
#define HAVE_SYS_STAT_H 1
#define HAVE_STDLIB_H 1
#define HAVE_STRING_H 1
#define HAVE_MEMORY_H 1
#define HAVE_STRINGS_H 1
#define HAVE_INTTYPES_H 1
#define HAVE_STDINT_H 1
#define HAVE_UNISTD_H 1
#define HAVE_DLFCN_H 1
#define LT_OBJDIR ".libs/"
#define HAVE_PTHREAD_H 1

configure: exit 0
